0 info it worked if it ends with ok
1 verbose cli [ '/home/jmfurlott/.nvm/versions/node/v0.12.6/bin/node',
1 verbose cli   '/home/jmfurlott/.nvm/versions/node/v0.12.6/bin/npm',
1 verbose cli   'i' ]
2 info using npm@2.11.2
3 info using node@v0.12.6
4 verbose readDependencies loading dependencies from /var/www/html/wp-content/themes/package.json
5 error install Couldn't read dependencies
6 verbose stack Error: ENOENT, open '/var/www/html/wp-content/themes/package.json'
6 verbose stack     at Error (native)
7 verbose cwd /var/www/html/wp-content/themes
8 error Linux 3.13.0-52-generic
9 error argv "/home/jmfurlott/.nvm/versions/node/v0.12.6/bin/node" "/home/jmfurlott/.nvm/versions/node/v0.12.6/bin/npm" "i"
10 error node v0.12.6
11 error npm  v2.11.2
12 error path /var/www/html/wp-content/themes/package.json
13 error code ENOPACKAGEJSON
14 error errno -2
15 error package.json ENOENT, open '/var/www/html/wp-content/themes/package.json'
15 error package.json This is most likely not a problem with npm itself.
15 error package.json npm can't find a package.json file in your current directory.
16 verbose exit [ -2, true ]
